[2023-06-27 08:13:00] [error] [/system/menu/3] 无效的token
[2023-06-27 11:04:58] [error] [/user/login] 密码错误
[2023-06-27 13:42:58] [error] [/system/dept/treeselect] 无效的token
[2023-06-27 13:42:58] [error] [/system/user/list?pageNum=1&pageSize=10&deptId=1] 无效的token
[2023-06-27 13:42:58] [error] [/system/dictData/type/sys_normal_disable] 无效的token
[2023-06-27 13:52:11] [error] [/system/dept/treeselect] 无效的token
[2023-06-27 13:52:11] [error] [/system/dictData/type/sys_normal_disable] 无效的token
[2023-06-27 13:52:11] [error] [/system/user/list?pageNum=1&pageSize=10] 无效的token
[2023-06-27 13:52:11] [error] [/system/dept/treeselect] 无效的token
[2023-06-27 13:52:11] [error] [/system/dictData/type/sys_normal_disable] 无效的token
[2023-06-27 13:52:11] [error] [/system/user/list?pageNum=1&pageSize=10] 无效的token
[2023-06-27 13:53:29] [error] [/system/dictData/type/sys_normal_disable] 无效的token
[2023-06-27 13:53:29] [error] [/system/dept/treeselect] 无效的token
[2023-06-27 13:53:29] [error] [/system/user/list?pageNum=1&pageSize=10] 无效的token
[2023-06-27 13:53:30] [error] [/system/dept/treeselect] 无效的token
[2023-06-27 13:53:30] [error] [/system/dictData/type/sys_normal_disable] 无效的token
[2023-06-27 13:53:30] [error] [/system/user/list?pageNum=1&pageSize=10] 无效的token
[2023-06-27 13:53:35] [error] [/system/dept/treeselect] 无效的token
[2023-06-27 13:53:35] [error] [/system/dictData/type/sys_normal_disable] 无效的token
[2023-06-27 13:53:35] [error] [/system/user/list?pageNum=1&pageSize=10] 无效的token
[2023-06-27 13:53:39] [error] [/system/dept/treeselect] 无效的token
[2023-06-27 13:53:39] [error] [/system/dictData/type/sys_normal_disable] 无效的token
[2023-06-27 13:53:39] [error] [/system/user/list?pageNum=1&pageSize=10] 无效的token
[2023-06-27 13:54:33] [error] [/system/dept/treeselect] 无效的token
[2023-06-27 13:54:33] [error] [/system/dictData/type/sys_normal_disable] 无效的token
[2023-06-27 13:54:33] [error] [/system/user/list?pageNum=1&pageSize=10] 无效的token
[2023-06-27 13:54:39] [error] [/system/dept/treeselect] 无效的token
[2023-06-27 13:54:39] [error] [/system/dictData/type/sys_normal_disable] 无效的token
[2023-06-27 13:54:39] [error] [/system/user/list?pageNum=1&pageSize=10] 无效的token
[2023-06-27 13:55:05] [error] [/system/dept/treeselect] 无效的token
[2023-06-27 13:55:05] [error] [/system/dictData/type/sys_normal_disable] 无效的token
[2023-06-27 13:55:05] [error] [/system/user/list?pageNum=1&pageSize=10] 无效的token
[2023-06-27 13:55:25] [error] [/system/dept/treeselect] 无效的token
[2023-06-27 13:55:25] [error] [/system/dictData/type/sys_normal_disable] 无效的token
[2023-06-27 13:55:25] [error] [/system/user/list?pageNum=1&pageSize=10] 无效的token
[2023-06-27 13:55:53] [error] [/system/dictData/type/sys_normal_disable] 无效的token
[2023-06-27 13:55:53] [error] [/system/dept/treeselect] 无效的token
[2023-06-27 13:55:53] [error] [/system/user/list?pageNum=1&pageSize=10] 无效的token
[2023-06-27 13:56:18] [error] [/system/dept/treeselect] 无效的token
[2023-06-27 13:56:18] [error] [/system/dictData/type/sys_normal_disable] 无效的token
[2023-06-27 13:56:18] [error] [/system/user/list?pageNum=1&pageSize=10] 无效的token
[2023-06-27 15:43:48] [error] [/monitor/online/list?pageNum=1&pageSize=10] 获取列表失败
[2023-06-27 15:50:42] [error] [/monitor/online/list?pageNum=1&pageSize=10] 获取列表失败
