[2023-07-08 08:41:01] [error] [/system/operlog/list?pageNum=1&pageSize=10] 无效的token
[2023-07-08 09:07:44] [error] [localhost:3010] [/prod-api/user/captchaImage] jwt must be provided
[2023-07-08 09:07:46] [error] [localhost:3010] [/prod-api/user/captchaImage] jwt must be provided
[2023-07-08 09:53:48] [error] [localhost:3010] [/07c0439905ba24cc2ed1ed301.jpeg] jwt must be provided
[2023-07-08 09:53:48] [error] [localhost:3010] [/favicon.ico] jwt must be provided
[2023-07-08 09:54:14] [error] [localhost:3010] [/07c0439905ba24cc2ed1ed301.jpeg] jwt must be provided
[2023-07-08 09:54:14] [error] [localhost:3010] [/favicon.ico] jwt must be provided
[2023-07-08 09:54:22] [error] [localhost:3010] [/07c0439905ba24cc2ed1ed301.jpeg] jwt must be provided
[2023-07-08 09:54:22] [error] [localhost:3010] [/07c0439905ba24cc2ed1ed301.jpeg] jwt must be provided
[2023-07-08 09:56:08] [error] [localhost:3010] [/07c0439905ba24cc2ed1ed301.jpeg] jwt must be provided
[2023-07-08 09:56:09] [error] [localhost:3010] [/07c0439905ba24cc2ed1ed301.jpeg] jwt must be provided
[2023-07-08 09:56:46] [error] [localhost:3010] [/07c0439905ba24cc2ed1ed301.jpeg] jwt must be provided
[2023-07-08 09:56:46] [error] [localhost:3010] [/favicon.ico] jwt must be provided
[2023-07-08 09:59:30] [error] [localhost:3010] [/07c0439905ba24cc2ed1ed301.jpeg] jwt must be provided
[2023-07-08 09:59:30] [error] [localhost:3010] [/favicon.ico] jwt must be provided
[2023-07-08 10:02:56] [error] [localhost:3010] [/07c0439905ba24cc2ed1ed301.jpeg] jwt must be provided
[2023-07-08 10:03:34] [error] [localhost:3010] [/07c0439905ba24cc2ed1ed301.jpeg] jwt must be provided
[2023-07-08 10:12:32] [error] [localhost:3010] [/user/profile/avatar] ENOENT: no such file or directory, open 'C:\Users\zhaowenchao\Desktop\project\React-project\Leno_admin_rouyi\leno-node\src\upload\img\96104689acbfe297e4792fa00.jpeg'
[2023-07-08 10:13:23] [error] [localhost:3010] [/user/profile/avatar] ENOENT: no such file or directory, open 'C:\Users\zhaowenchao\Desktop\project\React-project\Leno_admin_rouyi\leno-node\src\upload\img\cc20483210a87b907db7c9100.jpeg'
[2023-07-08 10:15:48] [error] [localhost:3010] [/user/profile/avatar] ENOENT: no such file or directory, open 'C:\Users\zhaowenchao\Desktop\project\React-project\Leno_admin_rouyi\leno-node\src\upload\imgs\c2a58789a702f2bd9ab04e300.jpeg'
[2023-07-08 10:18:47] [error] [localhost:3010] [/07c0439905ba24cc2ed1ed301.jpeg] jwt must be provided
[2023-07-08 10:18:47] [error] [localhost:3010] [/favicon.ico] jwt must be provided
[2023-07-08 10:19:00] [error] [localhost:3010] [/static/imgs/07c0439905ba24cc2ed1ed301.jpeg] jwt must be provided
[2023-07-08 10:19:00] [error] [localhost:3010] [/favicon.ico] jwt must be provided
[2023-07-08 10:19:29] [error] [localhost:3010] [/static/imgs/07c0439905ba24cc2ed1ed301.jpeg] jwt must be provided
[2023-07-08 10:19:29] [error] [localhost:3010] [/favicon.ico] jwt must be provided
[2023-07-08 10:28:25] [error] [localhost:3010] [/user/getInfo] Cannot destructure property 'session' of 'ctx.state.user' as it is undefined.
[2023-07-08 10:28:51] [error] [localhost:3010] [/07c0439905ba24cc2ed1ed301.jpeg] jwt must be provided
[2023-07-08 10:28:52] [error] [localhost:3010] [/07c0439905ba24cc2ed1ed301.jpeg] jwt must be provided
[2023-07-08 10:31:09] [error] [localhost:3010] [/07c0439905ba24cc2ed1ed301.jpeg] jwt must be provided
[2023-07-08 10:31:10] [error] [localhost:3010] [/07c0439905ba24cc2ed1ed301.jpeg] jwt must be provided
[2023-07-08 10:32:07] [error] [localhost:3010] [/07c0439905ba24cc2ed1ed301.jpeg] jwt must be provided
[2023-07-08 10:32:08] [error] [localhost:3010] [/07c0439905ba24cc2ed1ed301.jpeg] jwt must be provided
[2023-07-08 10:34:18] [error] [localhost:3010] [/static/imgs/ebc691137f0fc878ef0bef800.jpeg] jwt must be provided
[2023-07-08 10:34:51] [error] [localhost:3010] [/07c0439905ba24cc2ed1ed301.jpeg] jwt must be provided
[2023-07-08 10:37:47] [error] [localhost:3010] [/07c0439905ba24cc2ed1ed301.jpeg] jwt must be provided
[2023-07-08 10:37:48] [error] [localhost:3010] [/07c0439905ba24cc2ed1ed301.jpeg] jwt must be provided
[2023-07-08 10:39:28] [error] [localhost:3010] [/07c0439905ba24cc2ed1ed301.jpeg] jwt must be provided
[2023-07-08 10:39:28] [error] [localhost:3010] [/07c0439905ba24cc2ed1ed301.jpeg] jwt must be provided
[2023-07-08 11:14:15] [error] [localhost:3010] [/user/profile] 修改信息失败
[2023-07-08 13:35:15] [error] [localhost:3010] [/system/user/list?pageNum=1&pageSize=10] 无效的token
[2023-07-08 14:26:40] [error] [localhost:3010] [/user/profile] 用户获取个人信息失败
[2023-07-08 14:28:07] [error] [localhost:3010] [/user/profile] 用户获取个人信息失败
[2023-07-08 14:49:41] [error] [localhost:3010] [/system/user/list?pageNum=1&pageSize=10] 用户登录失败
[2023-07-08 14:50:25] [error] [localhost:3010] [/system/user/list?pageNum=1&pageSize=10] 用户登录失败
[2023-07-08 14:50:25] [error] [localhost:3010] [/system/user/list?pageNum=1&pageSize=10] 用户获取个人信息失败
[2023-07-08 15:05:05] [error] [localhost:3010] [/user/login] 用户获取个人信息失败
[2023-07-08 15:12:13] [error] [localhost:3010] [/user/profile] Cannot read property '_agent' of undefined
[2023-07-08 15:12:13] [error] [localhost:3010] [/system/dictData/type/sys_user_sex] Cannot read property '_agent' of undefined
[2023-07-08 15:13:09] [error] [localhost:3010] [/user/profile/avatar] Cannot read property '_agent' of undefined
[2023-07-08 15:40:22] [error] [localhost:3010] [/user/login] 密码错误
[2023-07-08 15:40:38] [error] [localhost:3010] [/user/login] 密码错误
[2023-07-08 15:41:10] [error] [localhost:3010] [/user/login] 密码错误
[2023-07-08 15:58:38] [error] [localhost:3010] [/user/login] 用户账号已被停用，请联系管理人员
[2023-07-08 16:06:30] [error] [localhost:3010] [/system/dictData/type/sys_normal_disable] 无访问权限
[2023-07-08 16:07:24] [error] [localhost:3010] [/system/dictData/type/sys_user_sex] 无访问权限
[2023-07-08 16:08:04] [error] [localhost:3010] [/system/dictData/type/sys_normal_disable] 无访问权限
[2023-07-08 16:08:16] [error] [localhost:3010] [/system/dictData/type/sys_normal_disable] 无访问权限
[2023-07-08 16:09:35] [error] [localhost:3010] [/system/dictData/type/sys_normal_disable] 无访问权限
[2023-07-08 16:13:05] [error] [localhost:3010] [/system/dictData/type/sys_normal_disable] 无访问权限
[2023-07-08 16:16:52] [error] [localhost:3010] [/system/dept/list?pageNum=1&pageSize=10] 无访问权限
[2023-07-08 16:48:35] [error] [localhost:3010] [/system/static/js/6799.973a834b.js] jwt must be provided
[2023-07-08 16:48:35] [error] [localhost:3010] [/system/static/js/9727.f0474473.js] jwt must be provided
[2023-07-08 16:48:35] [error] [localhost:3010] [/system/static/js/2874.c973082b.js] jwt must be provided
[2023-07-08 16:48:35] [error] [localhost:3010] [/system/static/js/6978.8a3ee1b6.js] jwt must be provided
[2023-07-08 16:48:35] [error] [localhost:3010] [/system/static/js/888.1daffca3.js] jwt must be provided
[2023-07-08 16:48:35] [error] [localhost:3010] [/system/static/js/1991.76b1bcec.js] jwt must be provided
[2023-07-08 16:48:35] [error] [localhost:3010] [/system/static/css/1154.e4d8a29e.css] jwt must be provided
[2023-07-08 16:48:35] [error] [localhost:3010] [/system/static/js/6410.49002758.js] jwt must be provided
[2023-07-08 16:48:35] [error] [localhost:3010] [/system/static/js/4680.4eb3889f.js] jwt must be provided
[2023-07-08 16:48:35] [error] [localhost:3010] [/system/static/js/883.73340344.js] jwt must be provided
[2023-07-08 16:48:35] [error] [localhost:3010] [/system/static/js/4756.3bedea4c.js] jwt must be provided
[2023-07-08 16:48:35] [error] [localhost:3010] [/system/static/js/1154.f1d57804.js] jwt must be provided
[2023-07-08 16:49:41] [error] [localhost:3010] [/system/static/js/6799.973a834b.js] jwt must be provided
[2023-07-08 16:49:41] [error] [localhost:3010] [/system/static/js/9727.f0474473.js] jwt must be provided
[2023-07-08 16:49:41] [error] [localhost:3010] [/system/static/js/2874.c973082b.js] jwt must be provided
[2023-07-08 16:49:41] [error] [localhost:3010] [/system/static/js/6978.8a3ee1b6.js] jwt must be provided
[2023-07-08 16:49:41] [error] [localhost:3010] [/system/static/js/1991.76b1bcec.js] jwt must be provided
[2023-07-08 16:49:41] [error] [localhost:3010] [/system/static/js/888.1daffca3.js] jwt must be provided
[2023-07-08 16:49:41] [error] [localhost:3010] [/system/static/css/1154.e4d8a29e.css] jwt must be provided
[2023-07-08 16:49:41] [error] [localhost:3010] [/system/static/js/6410.49002758.js] jwt must be provided
[2023-07-08 16:49:41] [error] [localhost:3010] [/system/static/js/4680.4eb3889f.js] jwt must be provided
[2023-07-08 16:49:41] [error] [localhost:3010] [/system/static/js/4756.3bedea4c.js] jwt must be provided
[2023-07-08 16:49:41] [error] [localhost:3010] [/system/static/js/1154.f1d57804.js] jwt must be provided
[2023-07-08 16:53:25] [error] [localhost:3010] [/prod-api/user/captchaImage] jwt must be provided
[2023-07-08 16:53:26] [error] [localhost:3010] [/prod-api/user/captchaImage] jwt must be provided
[2023-07-08 16:54:32] [error] [localhost:3010] [/prod-api/user/captchaImage] jwt must be provided
[2023-07-08 16:55:27] [error] [localhost:3010] [/prod-api/user/captchaImage] jwt must be provided
[2023-07-08 16:57:27] [error] [localhost:3010] [/system/static/js/9727.f0474473.js] jwt must be provided
[2023-07-08 16:57:27] [error] [localhost:3010] [/system/static/js/6799.973a834b.js] jwt must be provided
[2023-07-08 16:57:27] [error] [localhost:3010] [/system/static/js/2874.c973082b.js] jwt must be provided
[2023-07-08 16:57:27] [error] [localhost:3010] [/system/static/js/6978.8a3ee1b6.js] jwt must be provided
[2023-07-08 16:57:27] [error] [localhost:3010] [/system/static/js/888.1daffca3.js] jwt must be provided
[2023-07-08 16:57:27] [error] [localhost:3010] [/system/static/js/1991.76b1bcec.js] jwt must be provided
[2023-07-08 16:57:27] [error] [localhost:3010] [/system/static/css/1154.e4d8a29e.css] jwt must be provided
[2023-07-08 16:57:27] [error] [localhost:3010] [/system/static/js/6410.49002758.js] jwt must be provided
[2023-07-08 16:57:27] [error] [localhost:3010] [/system/static/js/4680.4eb3889f.js] jwt must be provided
[2023-07-08 16:57:27] [error] [localhost:3010] [/system/static/js/4756.3bedea4c.js] jwt must be provided
[2023-07-08 16:57:27] [error] [localhost:3010] [/system/static/js/883.73340344.js] jwt must be provided
[2023-07-08 16:57:27] [error] [localhost:3010] [/system/static/js/1154.f1d57804.js] jwt must be provided
[2023-07-08 16:59:18] [error] [localhost:3010] [/system/static/js/vendors.18ac8b0c.js] jwt must be provided
[2023-07-08 16:59:18] [error] [localhost:3010] [/system/static/css/vendors.85bffdb3.css] jwt must be provided
[2023-07-08 16:59:18] [error] [localhost:3010] [/system/static/js/main.50e8ea7c.js] jwt must be provided
[2023-07-08 16:59:18] [error] [localhost:3010] [/system/static/css/main.41218a7f.css] jwt must be provided
[2023-07-08 16:59:43] [error] [localhost:3010] [/system/static/js/vendors.18ac8b0c.js] jwt must be provided
[2023-07-08 16:59:43] [error] [localhost:3010] [/system/static/js/main.50e8ea7c.js] jwt must be provided
[2023-07-08 16:59:43] [error] [localhost:3010] [/system/static/css/vendors.85bffdb3.css] jwt must be provided
[2023-07-08 16:59:43] [error] [localhost:3010] [/system/static/css/main.41218a7f.css] jwt must be provided
[2023-07-08 17:00:04] [error] [localhost:3010] [/system/static/js/vendors.18ac8b0c.js] jwt must be provided
[2023-07-08 17:00:04] [error] [localhost:3010] [/system/static/js/main.50e8ea7c.js] jwt must be provided
[2023-07-08 17:00:04] [error] [localhost:3010] [/system/static/css/vendors.85bffdb3.css] jwt must be provided
[2023-07-08 17:00:04] [error] [localhost:3010] [/system/static/css/main.41218a7f.css] jwt must be provided
[2023-07-08 17:01:11] [error] [localhost:3010] [/prod-api/user/getInfo] Cannot destructure property 'session' of 'ctx.state.user' as it is undefined.
[2023-07-08 17:01:43] [error] [localhost:3010] [/system/static/js/6799.973a834b.js] jwt must be provided
[2023-07-08 17:01:43] [error] [localhost:3010] [/system/static/js/9727.f0474473.js] jwt must be provided
[2023-07-08 17:01:44] [error] [localhost:3010] [/system/static/js/2874.c973082b.js] jwt must be provided
[2023-07-08 17:01:44] [error] [localhost:3010] [/system/static/js/6978.8a3ee1b6.js] jwt must be provided
[2023-07-08 17:01:44] [error] [localhost:3010] [/system/static/js/1991.76b1bcec.js] jwt must be provided
[2023-07-08 17:01:44] [error] [localhost:3010] [/system/static/css/1154.e4d8a29e.css] jwt must be provided
[2023-07-08 17:01:44] [error] [localhost:3010] [/system/static/js/888.1daffca3.js] jwt must be provided
[2023-07-08 17:01:44] [error] [localhost:3010] [/system/static/js/6410.49002758.js] jwt must be provided
[2023-07-08 17:01:44] [error] [localhost:3010] [/system/static/js/4680.4eb3889f.js] jwt must be provided
[2023-07-08 17:01:44] [error] [localhost:3010] [/system/static/js/883.73340344.js] jwt must be provided
[2023-07-08 17:01:44] [error] [localhost:3010] [/system/static/js/4756.3bedea4c.js] jwt must be provided
[2023-07-08 17:01:44] [error] [localhost:3010] [/system/static/js/1154.f1d57804.js] jwt must be provided
[2023-07-08 17:24:03] [error] [localhost:3010] [/monitor/online/list?pageNum=1&pageSize=10] 获取列表失败
[2023-07-08 17:26:26] [error] [localhost:3010] [/system/static/js/9727.f0474473.js] jwt must be provided
[2023-07-08 17:26:26] [error] [localhost:3010] [/system/static/js/6799.973a834b.js] jwt must be provided
[2023-07-08 17:26:26] [error] [localhost:3010] [/system/static/js/6978.8a3ee1b6.js] jwt must be provided
[2023-07-08 17:26:26] [error] [localhost:3010] [/system/static/js/2874.c973082b.js] jwt must be provided
[2023-07-08 17:26:26] [error] [localhost:3010] [/system/static/js/888.1daffca3.js] jwt must be provided
[2023-07-08 17:26:26] [error] [localhost:3010] [/system/static/js/1991.76b1bcec.js] jwt must be provided
[2023-07-08 17:26:26] [error] [localhost:3010] [/system/static/css/1154.e4d8a29e.css] jwt must be provided
[2023-07-08 17:26:26] [error] [localhost:3010] [/system/static/js/6410.49002758.js] jwt must be provided
[2023-07-08 17:26:26] [error] [localhost:3010] [/system/static/js/4680.4eb3889f.js] jwt must be provided
[2023-07-08 17:26:26] [error] [localhost:3010] [/system/static/js/883.73340344.js] jwt must be provided
[2023-07-08 17:26:26] [error] [localhost:3010] [/system/static/js/4756.3bedea4c.js] jwt must be provided
[2023-07-08 17:26:26] [error] [localhost:3010] [/system/static/js/1154.f1d57804.js] jwt must be provided
[2023-07-08 17:26:30] [error] [localhost:3010] [/home] jwt must be provided
[2023-07-08 17:26:32] [error] [localhost:3010] [/home] jwt must be provided
