[2023-06-26 11:37:01] [success] [/system/operlog/list?pageNum=1&pageSize=10] 操作成功！
[2023-06-26 11:37:01] [success] [/system/dictData/type/sys_common_status] 操作成功！
[2023-06-26 11:37:02] [success] [/system/dictData/type/sys_common_status] 操作成功！
[2023-06-26 11:37:02] [success] [/system/logininfor/list?pageNum=1&pageSize=10] 操作成功！
[2023-06-26 11:37:07] [success] [/system/dictData/type/sys_job_group] 操作成功！
[2023-06-26 11:37:07] [success] [/monitor/job/list?pageNum=1&pageSize=10] 操作成功！
[2023-06-26 11:37:07] [success] [/system/dictData/type/sys_job_status] 操作成功！
[2023-06-26 11:37:10] [success] [/monitor/job/detail/43] 操作成功！
[2023-06-26 11:37:17] [success] [/system/dictData/type/sys_job_group] 操作成功！
[2023-06-26 11:37:17] [success] [/monitor/jobLog/list?pageNum=1&pageSize=10] 操作成功！
[2023-06-26 11:37:17] [success] [/system/dictData/type/sys_job_status] 操作成功！
[2023-06-26 11:37:20] [success] [/system/dictData/type/sys_common_status] 操作成功！
[2023-06-26 11:37:20] [success] [/system/logininfor/list?pageNum=1&pageSize=10] 操作成功！
[2023-06-26 11:37:54] [success] [/system/dictData/type/sys_oper_type] 操作成功！
[2023-06-26 11:37:54] [success] [/system/operlog/list?pageNum=1&pageSize=10] 操作成功！
[2023-06-26 11:37:54] [success] [/system/dictData/type/sys_common_status] 操作成功！
[2023-06-26 11:37:55] [success] [/system/dictData/type/sys_common_status] 操作成功！
[2023-06-26 11:37:55] [success] [/system/logininfor/list?pageNum=1&pageSize=10] 操作成功！
[2023-06-26 11:37:58] [success] [/tool/gen/list?pageNum=1&pageSize=10] 操作成功！
[2023-06-26 11:37:58] [success] [/tool/gen/db/list?pageNum=1&pageSize=10] 操作成功！
[2023-06-26 11:37:59] [success] [/system/dictData/type/sys_common_status] 操作成功！
[2023-06-26 11:37:59] [success] [/system/logininfor/list?pageNum=1&pageSize=10] 操作成功！
