[2023-06-29 08:28:00] [error] [/user/getInfo] 无效的token
[2023-06-29 09:19:44] [error] [/user/getInfo] jwt malformed
[2023-06-29 09:22:20] [error] [/user/getInfo] jwt malformed
[2023-06-29 09:47:58] [error] [/user/logout] Cannot destructure property 'session' of 'ctx.state.user' as it is undefined.
[2023-06-29 09:48:09] [error] [/user/logout] Cannot destructure property 'session' of 'ctx.state.user' as it is undefined.
[2023-06-29 09:48:32] [error] [/user/logout] Cannot destructure property 'session' of 'ctx.state.user' as it is undefined.
[2023-06-29 09:52:51] [error] [/user/logout] Cannot destructure property 'session' of 'ctx.state.user' as it is undefined.
[2023-06-29 09:53:16] [error] [/user/logout] Cannot destructure property 'session' of 'ctx.state.user' as it is undefined.
[2023-06-29 09:54:28] [error] [/user/logout] Cannot destructure property 'session' of 'ctx.state.user' as it is undefined.
[2023-06-29 09:55:38] [error] [/user/logout] Cannot destructure property 'session' of 'ctx.state.user' as it is undefined.
[2023-06-29 09:58:54] [error] [/user/logout] jwt must be provided
[2023-06-29 10:00:53] [error] [/user/logout] jwt must be provided
[2023-06-29 10:02:01] [error] [/user/logout] jwt must be provided
[2023-06-29 10:05:33] [error] [/user/logout] jwt must be provided
[2023-06-29 15:46:43] [error] [/system/roleUser/list?pageNum=1&pageSize=10&roleId=13] 获取列表失败
[2023-06-29 15:46:49] [error] [/system/roleUser/list?pageNum=1&pageSize=10&roleId=13] 获取列表失败
[2023-06-29 15:46:49] [error] [/system/roleUser/unallocatedList?pageNum=1&pageSize=10&roleId=13] 获取列表失败
[2023-06-29 15:47:36] [error] [/system/roleUser/unallocatedList?pageNum=1&pageSize=10&roleId=13] 获取列表失败
[2023-06-29 15:47:36] [error] [/system/roleUser/list?pageNum=1&pageSize=10&roleId=13] 获取列表失败
[2023-06-29 16:05:31] [error] [/monitor/online/list?pageNum=1&pageSize=10] 获取列表失败
[2023-06-29 16:26:02] [error] [/system/post/list?pageNum=1&pageSize=10] 获取列表失败
[2023-06-29 16:26:02] [error] [/system/post/list?pageNum=1&pageSize=10] 获取列表失败
[2023-06-29 16:26:09] [error] [/system/post/list?pageNum=1&pageSize=10] 获取列表失败
[2023-06-29 16:26:25] [error] [/system/post/list?pageNum=1&pageSize=10] 获取列表失败
[2023-06-29 16:26:35] [error] [/system/post/list?pageNum=1&pageSize=10] 获取列表失败
[2023-06-29 16:27:10] [error] [/system/post/list?pageNum=1&pageSize=10] 获取列表失败
[2023-06-29 16:27:14] [error] [/system/post/list?pageNum=1&pageSize=10] 获取列表失败
[2023-06-29 16:27:26] [error] [/system/post/list?pageNum=1&pageSize=10] 获取列表失败
[2023-06-29 16:27:32] [error] [/system/post/list?pageNum=1&pageSize=10] 获取列表失败
[2023-06-29 16:27:35] [error] [/system/post/list?pageNum=1&pageSize=10] 获取列表失败
[2023-06-29 16:27:51] [error] [/system/post/list?pageNum=1&pageSize=10] 获取列表失败
[2023-06-29 16:28:14] [error] [/system/post/list?pageNum=1&pageSize=10] 获取列表失败
[2023-06-29 16:28:32] [error] [/system/post/list?pageNum=1&pageSize=10] 获取列表失败
[2023-06-29 16:28:40] [error] [/system/post/list?pageNum=1&pageSize=10] 获取列表失败
[2023-06-29 16:29:36] [error] [/system/post/list?pageNum=1&pageSize=10] 获取列表失败
[2023-06-29 16:29:45] [error] [/system/post/list?pageNum=1&pageSize=10] 获取列表失败
[2023-06-29 16:29:54] [error] [/system/post/list?pageNum=1&pageSize=10] 获取列表失败
[2023-06-29 16:30:04] [error] [/system/post/list?pageNum=1&pageSize=10&status=1] 获取列表失败
[2023-06-29 16:30:47] [error] [/system/post/list?pageNum=1&pageSize=10] 无效的token
