[2023-06-30 08:30:26] [error] [/user/getInfo] 无效的token
[2023-06-30 08:30:26] [error] [/user/getInfo] 无效的token
[2023-06-30 08:35:36] [error] [/user/getInfo] 无效的token
[2023-06-30 08:35:36] [error] [/user/getInfo] 无效的token
[2023-06-30 08:36:17] [error] [/user/captchaImage/cc] jwt must be provided
[2023-06-30 08:36:24] [error] [/user/captchaImage/cc] jwt must be provided
[2023-06-30 08:40:13] [error] [/user/captchaImage1] jwt must be provided
[2023-06-30 08:43:44] [error] [/user/captchaImage2] jwt must be provided
[2023-06-30 08:43:46] [error] [/user/captchaImage2] jwt must be provided
[2023-06-30 09:36:29] [error] [/] jwt must be provided
[2023-06-30 09:36:30] [error] [/favicon.ico] jwt must be provided
[2023-06-30 09:36:49] [error] [/leno-admin-ui/index.html] jwt must be provided
[2023-06-30 09:36:50] [error] [/favicon.ico] jwt must be provided
[2023-06-30 09:37:37] [error] [/favicon.ico] jwt must be provided
[2023-06-30 09:40:49] [error] [/] jwt must be provided
[2023-06-30 09:40:49] [error] [/favicon.ico] jwt must be provided
[2023-06-30 09:41:02] [error] [/] jwt must be provided
[2023-06-30 09:41:02] [error] [/favicon.ico] jwt must be provided
[2023-06-30 09:41:38] [error] [/favicon.ico] jwt must be provided
[2023-06-30 09:49:28] [error] [/] jwt must be provided
[2023-06-30 09:49:28] [error] [/favicon.ico] jwt must be provided
[2023-06-30 09:53:55] [error] [/index.html] jwt must be provided
[2023-06-30 09:53:55] [error] [/favicon.ico] jwt must be provided
[2023-06-30 09:54:02] [error] [/index.html] jwt must be provided
[2023-06-30 09:54:02] [error] [/favicon.ico] jwt must be provided
[2023-06-30 09:58:12] [error] [/] jwt must be provided
[2023-06-30 09:58:12] [error] [/favicon.ico] jwt must be provided
[2023-06-30 09:58:25] [error] [/index.html] jwt must be provided
[2023-06-30 09:58:25] [error] [/favicon.ico] jwt must be provided
[2023-06-30 09:59:53] [error] [/error] jwt must be provided
[2023-06-30 10:00:10] [error] [/system/static/js/6799.1611c004.js] jwt must be provided
[2023-06-30 10:00:10] [error] [/system/static/js/9727.b37ca3fc.js] jwt must be provided
[2023-06-30 10:00:10] [error] [/system/static/js/6978.85c4acf3.js] jwt must be provided
[2023-06-30 10:00:10] [error] [/system/static/js/2874.4f557a33.js] jwt must be provided
[2023-06-30 10:00:10] [error] [/system/static/js/1991.525a3da7.js] jwt must be provided
[2023-06-30 10:00:10] [error] [/system/static/css/1154.e4d8a29e.css] jwt must be provided
[2023-06-30 10:00:10] [error] [/system/static/js/888.8dd41f17.js] jwt must be provided
[2023-06-30 10:00:10] [error] [/system/static/js/8481.888a82bc.js] jwt must be provided
[2023-06-30 10:00:10] [error] [/system/static/js/4680.9ccfe5b9.js] jwt must be provided
[2023-06-30 10:00:10] [error] [/system/static/js/1668.a947dd42.js] jwt must be provided
[2023-06-30 10:00:10] [error] [/system/static/js/4756.c9f12ed8.js] jwt must be provided
[2023-06-30 10:00:10] [error] [/system/static/js/1154.244d1854.js] jwt must be provided
[2023-06-30 10:00:46] [error] [/home] jwt must be provided
[2023-06-30 10:01:06] [error] [/system/static/js/6799.1611c004.js] jwt must be provided
[2023-06-30 10:01:06] [error] [/system/static/js/9727.b37ca3fc.js] jwt must be provided
[2023-06-30 10:01:06] [error] [/system/static/js/6978.85c4acf3.js] jwt must be provided
[2023-06-30 10:01:06] [error] [/system/static/js/1991.525a3da7.js] jwt must be provided
[2023-06-30 10:01:06] [error] [/system/static/js/888.8dd41f17.js] jwt must be provided
[2023-06-30 10:01:06] [error] [/system/static/js/2874.4f557a33.js] jwt must be provided
[2023-06-30 10:01:06] [error] [/system/static/css/1154.e4d8a29e.css] jwt must be provided
[2023-06-30 10:01:06] [error] [/system/static/js/8481.888a82bc.js] jwt must be provided
[2023-06-30 10:01:06] [error] [/system/static/js/1668.a947dd42.js] jwt must be provided
[2023-06-30 10:01:06] [error] [/system/static/js/4756.c9f12ed8.js] jwt must be provided
[2023-06-30 10:01:06] [error] [/system/static/js/4680.9ccfe5b9.js] jwt must be provided
[2023-06-30 10:01:06] [error] [/system/static/js/1154.244d1854.js] jwt must be provided
[2023-06-30 10:05:36] [error] [/robots.txt] jwt must be provided
[2023-06-30 10:09:22] [error] [/error] jwt must be provided
[2023-06-30 10:10:55] [error] [/error] jwt must be provided
[2023-06-30 10:12:46] [error] [/system/static/js/6799.1611c004.js] jwt must be provided
[2023-06-30 10:12:46] [error] [/system/static/css/1154.e4d8a29e.css] jwt must be provided
[2023-06-30 10:12:46] [error] [/system/static/js/2874.4f557a33.js] jwt must be provided
[2023-06-30 10:12:46] [error] [/system/static/js/9727.b37ca3fc.js] jwt must be provided
[2023-06-30 10:12:46] [error] [/system/static/js/1991.525a3da7.js] jwt must be provided
[2023-06-30 10:12:46] [error] [/system/static/js/6978.85c4acf3.js] jwt must be provided
[2023-06-30 10:12:46] [error] [/system/static/js/8481.888a82bc.js] jwt must be provided
[2023-06-30 10:12:46] [error] [/system/static/js/1668.a947dd42.js] jwt must be provided
[2023-06-30 10:12:46] [error] [/system/static/js/888.8dd41f17.js] jwt must be provided
[2023-06-30 10:12:46] [error] [/system/static/js/4680.9ccfe5b9.js] jwt must be provided
[2023-06-30 10:12:46] [error] [/system/static/js/4756.c9f12ed8.js] jwt must be provided
[2023-06-30 10:12:46] [error] [/system/static/js/1154.244d1854.js] jwt must be provided
[2023-06-30 10:12:55] [error] [/monitor/static/js/6799.1611c004.js] jwt must be provided
[2023-06-30 10:12:55] [error] [/monitor/static/js/9727.b37ca3fc.js] jwt must be provided
[2023-06-30 10:12:55] [error] [/monitor/static/js/2874.4f557a33.js] jwt must be provided
[2023-06-30 10:12:55] [error] [/monitor/static/js/6978.85c4acf3.js] jwt must be provided
[2023-06-30 10:12:55] [error] [/monitor/static/js/1991.525a3da7.js] jwt must be provided
[2023-06-30 10:12:55] [error] [/monitor/static/js/888.8dd41f17.js] jwt must be provided
[2023-06-30 10:12:55] [error] [/monitor/static/css/4420.e4d8a29e.css] jwt must be provided
[2023-06-30 10:12:55] [error] [/monitor/static/js/4420.5d506643.js] jwt must be provided
[2023-06-30 10:13:03] [error] [/tool/static/js/6799.1611c004.js] jwt must be provided
[2023-06-30 10:13:03] [error] [/tool/static/js/2874.4f557a33.js] jwt must be provided
[2023-06-30 10:13:03] [error] [/tool/static/js/9727.b37ca3fc.js] jwt must be provided
[2023-06-30 10:13:03] [error] [/tool/static/js/6978.85c4acf3.js] jwt must be provided
[2023-06-30 10:13:03] [error] [/tool/static/js/1991.525a3da7.js] jwt must be provided
[2023-06-30 10:13:03] [error] [/tool/static/css/39.e4d8a29e.css] jwt must be provided
[2023-06-30 10:13:03] [error] [/tool/static/js/888.8dd41f17.js] jwt must be provided
[2023-06-30 10:13:03] [error] [/tool/static/js/2307.6cb6d4da.js] jwt must be provided
[2023-06-30 10:13:03] [error] [/tool/static/js/8481.888a82bc.js] jwt must be provided
[2023-06-30 10:13:03] [error] [/tool/static/js/4176.d522951a.js] jwt must be provided
[2023-06-30 10:13:03] [error] [/tool/static/js/4104.ddaa16f1.js] jwt must be provided
[2023-06-30 10:13:03] [error] [/tool/static/js/1046.27adb81a.js] jwt must be provided
[2023-06-30 10:13:03] [error] [/tool/static/js/39.60dee94f.js] jwt must be provided
[2023-06-30 10:14:09] [error] [C:\Users\zhaowenchao\Desktop\project\React-project\Leno_admin_rouyi\leno-node\src\public\index.html] jwt must be provided
[2023-06-30 10:14:10] [error] [C:\Users\zhaowenchao\Desktop\project\React-project\Leno_admin_rouyi\leno-node\src\public\index.html] jwt must be provided
[2023-06-30 10:14:10] [error] [C:\Users\zhaowenchao\Desktop\project\React-project\Leno_admin_rouyi\leno-node\src\public\index.html] jwt must be provided
[2023-06-30 10:14:11] [error] [C:\Users\zhaowenchao\Desktop\project\React-project\Leno_admin_rouyi\leno-node\src\public\index.html] jwt must be provided
[2023-06-30 10:14:16] [error] [C:\Users\zhaowenchao\Desktop\project\React-project\Leno_admin_rouyi\leno-node\src\public\index.html] jwt must be provided
[2023-06-30 10:15:43] [error] [/system/static/js/6799.1611c004.js] jwt must be provided
[2023-06-30 10:15:43] [error] [/system/static/js/9727.b37ca3fc.js] jwt must be provided
[2023-06-30 10:15:44] [error] [/system/static/js/2874.4f557a33.js] jwt must be provided
[2023-06-30 10:15:44] [error] [/system/static/js/6978.85c4acf3.js] jwt must be provided
[2023-06-30 10:15:44] [error] [/system/static/js/1991.525a3da7.js] jwt must be provided
[2023-06-30 10:15:44] [error] [/system/static/css/1154.e4d8a29e.css] jwt must be provided
[2023-06-30 10:15:44] [error] [/system/static/js/888.8dd41f17.js] jwt must be provided
[2023-06-30 10:15:44] [error] [/system/static/js/8481.888a82bc.js] jwt must be provided
[2023-06-30 10:15:44] [error] [/system/static/js/1668.a947dd42.js] jwt must be provided
[2023-06-30 10:15:44] [error] [/system/static/js/4680.9ccfe5b9.js] jwt must be provided
[2023-06-30 10:15:44] [error] [/system/static/js/4756.c9f12ed8.js] jwt must be provided
[2023-06-30 10:15:44] [error] [/system/static/js/1154.244d1854.js] jwt must be provided
[2023-06-30 10:16:00] [error] [/system/static/js/6799.1611c004.js] jwt must be provided
[2023-06-30 10:16:00] [error] [/system/static/js/9727.b37ca3fc.js] jwt must be provided
[2023-06-30 10:16:00] [error] [/system/static/js/2874.4f557a33.js] jwt must be provided
[2023-06-30 10:16:00] [error] [/system/static/js/6978.85c4acf3.js] jwt must be provided
[2023-06-30 10:16:00] [error] [/system/static/js/1991.525a3da7.js] jwt must be provided
[2023-06-30 10:16:00] [error] [/system/static/js/888.8dd41f17.js] jwt must be provided
[2023-06-30 10:16:00] [error] [/system/static/css/3291.e4d8a29e.css] jwt must be provided
[2023-06-30 10:16:00] [error] [/system/static/js/8481.888a82bc.js] jwt must be provided
[2023-06-30 10:16:00] [error] [/system/static/js/3291.ae4c0dc5.js] jwt must be provided
[2023-06-30 10:16:00] [error] [/system/static/js/5749.73729926.js] jwt must be provided
[2023-06-30 10:16:00] [error] [/system/static/js/4104.ddaa16f1.js] jwt must be provided
[2023-06-30 10:19:34] [error] [/system/static/js/9727.b37ca3fc.js] jwt must be provided
[2023-06-30 10:19:34] [error] [/system/static/js/6799.1611c004.js] jwt must be provided
[2023-06-30 10:19:35] [error] [/system/static/js/2874.4f557a33.js] jwt must be provided
[2023-06-30 10:19:35] [error] [/system/static/js/1991.525a3da7.js] jwt must be provided
[2023-06-30 10:19:35] [error] [/system/static/js/888.8dd41f17.js] jwt must be provided
[2023-06-30 10:19:35] [error] [/system/static/css/1154.e4d8a29e.css] jwt must be provided
[2023-06-30 10:19:35] [error] [/system/static/js/6978.85c4acf3.js] jwt must be provided
[2023-06-30 10:19:35] [error] [/system/static/js/8481.888a82bc.js] jwt must be provided
[2023-06-30 10:19:35] [error] [/system/static/js/4680.9ccfe5b9.js] jwt must be provided
[2023-06-30 10:19:35] [error] [/system/static/js/1154.244d1854.js] jwt must be provided
[2023-06-30 10:19:35] [error] [/system/static/js/4756.c9f12ed8.js] jwt must be provided
[2023-06-30 10:21:22] [error] [/static/js/1607.80ca9cd1.js] Invalid regular expression: /*/: Nothing to repeat
[2023-06-30 10:21:25] [error] [/profile] Invalid regular expression: /*/: Nothing to repeat
[2023-06-30 10:21:25] [error] [/favicon.ico] Invalid regular expression: /*/: Nothing to repeat
[2023-06-30 10:21:27] [error] [/favicon.ico] Invalid regular expression: /*/: Nothing to repeat
[2023-06-30 10:22:32] [error] [/src/public/index.html] jwt must be provided
[2023-06-30 10:22:35] [error] [/src/public/index.html] jwt must be provided
[2023-06-30 10:22:40] [error] [/src/public/index.html] jwt must be provided
[2023-06-30 10:23:00] [error] [/system/static/js/6799.1611c004.js] jwt must be provided
[2023-06-30 10:23:00] [error] [/system/static/js/9727.b37ca3fc.js] jwt must be provided
[2023-06-30 10:23:00] [error] [/system/static/js/2874.4f557a33.js] jwt must be provided
[2023-06-30 10:23:00] [error] [/system/static/js/6978.85c4acf3.js] jwt must be provided
[2023-06-30 10:23:00] [error] [/system/static/js/1991.525a3da7.js] jwt must be provided
[2023-06-30 10:23:00] [error] [/system/static/js/888.8dd41f17.js] jwt must be provided
[2023-06-30 10:23:00] [error] [/system/static/css/1154.e4d8a29e.css] jwt must be provided
[2023-06-30 10:23:00] [error] [/system/static/js/8481.888a82bc.js] jwt must be provided
[2023-06-30 10:23:00] [error] [/system/static/js/4680.9ccfe5b9.js] jwt must be provided
[2023-06-30 10:23:00] [error] [/system/static/js/1154.244d1854.js] jwt must be provided
[2023-06-30 10:23:00] [error] [/system/static/js/4756.c9f12ed8.js] jwt must be provided
[2023-06-30 10:24:12] [error] [/system/static/js/6799.1611c004.js] jwt must be provided
[2023-06-30 10:24:12] [error] [/system/static/js/9727.b37ca3fc.js] jwt must be provided
[2023-06-30 10:24:12] [error] [/system/static/js/2874.4f557a33.js] jwt must be provided
[2023-06-30 10:24:12] [error] [/system/static/js/6978.85c4acf3.js] jwt must be provided
[2023-06-30 10:24:12] [error] [/system/static/js/1991.525a3da7.js] jwt must be provided
[2023-06-30 10:24:12] [error] [/system/static/js/888.8dd41f17.js] jwt must be provided
[2023-06-30 10:24:12] [error] [/system/static/js/8481.888a82bc.js] jwt must be provided
[2023-06-30 10:24:12] [error] [/system/static/css/1154.e4d8a29e.css] jwt must be provided
[2023-06-30 10:24:12] [error] [/system/static/js/4680.9ccfe5b9.js] jwt must be provided
[2023-06-30 10:24:12] [error] [/system/static/js/4756.c9f12ed8.js] jwt must be provided
[2023-06-30 10:24:12] [error] [/system/static/js/1154.244d1854.js] jwt must be provided
[2023-06-30 10:32:40] [error] [/system/user] jwt must be provided
[2023-06-30 10:32:44] [error] [/system/static/js/6799.1611c004.js] jwt must be provided
[2023-06-30 10:32:44] [error] [/system/static/js/9727.b37ca3fc.js] jwt must be provided
[2023-06-30 10:32:44] [error] [/system/static/js/2874.4f557a33.js] jwt must be provided
[2023-06-30 10:32:44] [error] [/system/static/js/6978.85c4acf3.js] jwt must be provided
[2023-06-30 10:32:44] [error] [/system/static/js/1991.525a3da7.js] jwt must be provided
[2023-06-30 10:32:44] [error] [/system/static/js/888.8dd41f17.js] jwt must be provided
[2023-06-30 10:32:44] [error] [/system/static/css/1154.e4d8a29e.css] jwt must be provided
[2023-06-30 10:32:44] [error] [/system/static/js/8481.888a82bc.js] jwt must be provided
[2023-06-30 10:32:44] [error] [/system/static/js/4680.9ccfe5b9.js] jwt must be provided
[2023-06-30 10:32:44] [error] [/system/static/js/1668.a947dd42.js] jwt must be provided
[2023-06-30 10:32:44] [error] [/system/static/js/4756.c9f12ed8.js] jwt must be provided
[2023-06-30 10:32:44] [error] [/system/static/js/1154.244d1854.js] jwt must be provided
[2023-06-30 10:33:08] [error] [/system/user] jwt must be provided
[2023-06-30 10:33:10] [error] [/home] jwt must be provided
[2023-06-30 10:33:11] [error] [/home] jwt must be provided
[2023-06-30 10:33:12] [error] [/home] jwt must be provided
[2023-06-30 10:33:12] [error] [/home] jwt must be provided
[2023-06-30 10:33:45] [error] [/home] jwt must be provided
[2023-06-30 10:33:47] [error] [/home] jwt must be provided
[2023-06-30 10:33:52] [error] [/home] jwt must be provided
[2023-06-30 10:42:05] [error] [/system/static/js/vendors.1938ff34.js] jwt must be provided
[2023-06-30 10:42:05] [error] [/system/static/css/vendors.37415927.css] jwt must be provided
[2023-06-30 10:42:05] [error] [/system/static/js/main.653b0726.js] jwt must be provided
[2023-06-30 10:42:05] [error] [/system/static/css/main.46ea91a1.css] jwt must be provided
[2023-06-30 10:50:17] [error] [/system/static/js/6799.1611c004.js] jwt must be provided
[2023-06-30 10:50:17] [error] [/system/static/js/9727.b37ca3fc.js] jwt must be provided
[2023-06-30 10:50:17] [error] [/system/static/js/1991.525a3da7.js] jwt must be provided
[2023-06-30 10:50:17] [error] [/system/static/js/6978.85c4acf3.js] jwt must be provided
[2023-06-30 10:50:17] [error] [/system/static/js/2874.4f557a33.js] jwt must be provided
[2023-06-30 10:50:17] [error] [/system/static/js/888.8dd41f17.js] jwt must be provided
[2023-06-30 10:50:17] [error] [/system/static/css/1154.e4d8a29e.css] jwt must be provided
[2023-06-30 10:50:17] [error] [/system/static/js/8481.888a82bc.js] jwt must be provided
[2023-06-30 10:50:17] [error] [/system/static/js/4680.9ccfe5b9.js] jwt must be provided
[2023-06-30 10:50:17] [error] [/system/static/js/1668.a947dd42.js] jwt must be provided
[2023-06-30 10:50:17] [error] [/system/static/js/4756.c9f12ed8.js] jwt must be provided
[2023-06-30 10:50:17] [error] [/system/static/js/1154.244d1854.js] jwt must be provided
[2023-06-30 10:51:25] [error] [/system/user] jwt must be provided
[2023-06-30 10:51:30] [error] [/system] jwt must be provided
[2023-06-30 11:13:49] [error] [/prod-api/user/captchaImage] jwt must be provided
[2023-06-30 11:14:07] [error] [/prod-api/user/captchaImage] jwt must be provided
[2023-06-30 11:14:40] [error] [/prod-api/user/captchaImage] jwt must be provided
[2023-06-30 11:15:48] [error] [/prod-api/user/captchaImage] jwt must be provided
[2023-06-30 11:15:55] [error] [/prod-api/user/captchaImage] jwt must be provided
[2023-06-30 11:17:17] [error] [/prod-api/user/captchaImage] jwt must be provided
[2023-06-30 11:18:13] [error] [/prod-api/user/captchaImage] jwt must be provided
[2023-06-30 11:18:34] [error] [/user/logout] jwt must be provided
